<?xml version="1.0" encoding="UTF-8"?>
<!-- Generated by org.testng.reporters.JUnitReportReporter -->
<testsuite skipped="0" hostname="WL352615" name="com.tieto.test.AddPatientTest" tests="3" failures="0" timestamp="2020-07-03T16:48:40 IST" time="57.210" errors="0">
  <testcase name="createPatientTest" time="18.978" classname="com.tieto.test.AddPatientTest"/>
  <system-out/>
  <testcase name="createPatientTest" time="19.751" classname="com.tieto.test.AddPatientTest"/>
  <system-out/>
  <testcase name="createPatientTest" time="18.481" classname="com.tieto.test.AddPatientTest"/>
  <system-out/>
</testsuite> <!-- com.tieto.test.AddPatientTest -->
