<?xml version="1.0" encoding="UTF-8"?>
<!-- Generated by org.testng.reporters.JUnitReportReporter -->
<testsuite skipped="0" hostname="WL352615" name="com.tieto.test.DemoTest" tests="1" failures="0" timestamp="2020-07-03T13:29:48 IST" time="0.600" errors="0">
  <testcase name="excelRead" time="0.600" classname="com.tieto.test.DemoTest"/>
  <system-out/>
</testsuite> <!-- com.tieto.test.DemoTest -->
