<?xml version="1.0" encoding="UTF-8"?>
<!-- Generated by org.testng.reporters.JUnitReportReporter -->
<testsuite skipped="0" hostname="WL352615" name="com.tieto.test.LoginTest" tests="6" failures="0" timestamp="2020-07-03T14:53:22 IST" time="97.277" errors="0">
  <testcase name="validCredentialTest" time="15.064" classname="com.tieto.test.LoginTest"/>
  <system-out/>
  <testcase name="validCredentialTest" time="18.446" classname="com.tieto.test.LoginTest"/>
  <system-out/>
  <testcase name="validCredentialTest" time="21.422" classname="com.tieto.test.LoginTest"/>
  <system-out/>
  <testcase name="validCredentialTest" time="15.316" classname="com.tieto.test.LoginTest"/>
  <system-out/>
  <testcase name="invalidCredentialTest" time="14.374" classname="com.tieto.test.LoginTest"/>
  <system-out/>
  <testcase name="invalidCredentialTest" time="12.655" classname="com.tieto.test.LoginTest"/>
  <system-out/>
</testsuite> <!-- com.tieto.test.LoginTest -->
