<?xml version="1.0" encoding="UTF-8"?>
<!-- Generated by org.testng.reporters.JUnitReportReporter -->
<testsuite skipped="0" hostname="WL352615" name="com.tieto.test.LoginTest" tests="4" failures="0" timestamp="2020-07-03T16:40:35 IST" time="79.726" errors="0">
  <testcase name="validCredentialTest" time="18.282" classname="com.tieto.test.LoginTest"/>
  <system-out/>
  <testcase name="validCredentialTest" time="18.827" classname="com.tieto.test.LoginTest"/>
  <system-out/>
  <testcase name="validCredentialTest" time="20.758" classname="com.tieto.test.LoginTest"/>
  <system-out/>
  <testcase name="validCredentialTest" time="21.859" classname="com.tieto.test.LoginTest"/>
  <system-out/>
</testsuite> <!-- com.tieto.test.LoginTest -->
